{"name":"Register on Utest","id":"utest-user-registration;register-on-utest","testSteps":[{"number":1,"description":"Given the Utest website we look for the Join Today registration","duration":29344,"startTime":"2021-12-02T02:46:03.430-05:00[America/Bogota]","exception":{"errorType":"net.thucydides.core.webdriver.exceptions.ElementShouldBeEnabledException","message":"Expected enabled element was not enabled","stackTrace":[{"declaringClass":"co.com.choucair.certification.RegisterUtest.tasks.Register","methodName":"performAs","fileName":"Register.java","lineNumber":17},{"declaringClass":"co.com.choucair.certification.RegisterUtest.stepdefinitions.ChoucairRegisterUtestStepDefinitions","methodName":"theUtestComWebsiteWeLookForTheJoinTodayRegistration","fileName":"ChoucairRegisterUtestStepDefinitions.java","lineNumber":21},{"declaringClass":"cucumber.runner.Runner","methodName":"runPickle","fileName":"Runner.java","lineNumber":80}],"rootCause":{"errorType":"org.openqa.selenium.TimeoutException","message":"Expected condition failed: waiting for By.xpath: //div[@class\u003d\u0027form-group col-xs-12 text-right\u0027]//a[contains(text(),\u0027Next: Location\u0027)] to be enabled (tried for 5 second(s) with 100 milliseconds interval)","stackTrace":[{"declaringClass":"co.com.choucair.certification.RegisterUtest.tasks.Register","methodName":"performAs","fileName":"Register.java","lineNumber":17},{"declaringClass":"co.com.choucair.certification.RegisterUtest.stepdefinitions.ChoucairRegisterUtestStepDefinitions","methodName":"theUtestComWebsiteWeLookForTheJoinTodayRegistration","fileName":"ChoucairRegisterUtestStepDefinitions.java","lineNumber":21},{"declaringClass":"cucumber.runner.Runner","methodName":"runPickle","fileName":"Runner.java","lineNumber":80}],"rootCause":{"errorType":"org.openqa.selenium.NoSuchElementException","message":"no such element: Unable to locate element: {\"method\":\"xpath\",\"selector\":\"//div[@class\u003d\u0027form-group col-xs-12 text-right\u0027]//a[contains(text(),\u0027Next: Location\u0027)]\"}\n  (Session info: chrome\u003d96.0.4664.45)\nFor documentation on this error, please visit: https://www.seleniumhq.org/exceptions/no_such_element.html\nBuild info: version: \u00273.141.59\u0027, revision: \u0027e82be7d358\u0027, time: \u00272018-11-14T08:17:03\u0027\nSystem info: host: \u0027DESKTOP-VMTNSME\u0027, ip: \u0027192.168.56.1\u0027, os.name: \u0027Windows 10\u0027, os.arch: \u0027amd64\u0027, os.version: \u002710.0\u0027, java.version: \u00271.8.0_111\u0027\nDriver info: org.openqa.selenium.chrome.ChromeDriver\nCapabilities {acceptInsecureCerts: false, browserName: chrome, browserVersion: 96.0.4664.45, chrome: {chromedriverVersion: 96.0.4664.45 (76e4c1bb2ab46..., userDataDir: C:\\Users\\CMMART~1\\AppData\\L...}, goog:chromeOptions: {debuggerAddress: localhost:53033}, javascriptEnabled: true, networkConnectionEnabled: false, pageLoadStrategy: normal, platform: WINDOWS, platformName: WINDOWS, proxy: Proxy(), setWindowRect: true, strictFileInteractability: false, timeouts: {implicit: 0, pageLoad: 300000, script: 30000}, unhandledPromptBehavior: dismiss and notify, webauthn:extension:credBlob: true, webauthn:extension:largeBlob: true, webauthn:virtualAuthenticators: true}\nSession ID: bdc93768f53999a6af46584a43786368\n*** Element info: {Using\u003dxpath, value\u003d//div[@class\u003d\u0027form-group col-xs-12 text-right\u0027]//a[contains(text(),\u0027Next: Location\u0027)]}","stackTrace":[{"declaringClass":"co.com.choucair.certification.RegisterUtest.tasks.Register","methodName":"performAs","fileName":"Register.java","lineNumber":17},{"declaringClass":"co.com.choucair.certification.RegisterUtest.stepdefinitions.ChoucairRegisterUtestStepDefinitions","methodName":"theUtestComWebsiteWeLookForTheJoinTodayRegistration","fileName":"ChoucairRegisterUtestStepDefinitions.java","lineNumber":21},{"declaringClass":"cucumber.runner.Runner","methodName":"runPickle","fileName":"Runner.java","lineNumber":80}]}}},"result":"FAILURE","precondition":false,"level":0,"lineNumber":0,"children":[{"number":2,"description":"Utest open up","duration":9110,"startTime":"2021-12-02T02:46:04.134-05:00[America/Bogota]","screenshots":[{"screenshot":"2091408abf270a4e68c0040ef5cd17a92a2f24acea4c6de9d9e4c43cd84732af.png","timeStamp":1638431173244}],"result":"SUCCESS","precondition":false,"level":1,"lineNumber":0,"children":[{"number":3,"description":"Utest opens the Choucair utest page","duration":9032,"startTime":"2021-12-02T02:46:04.173-05:00[America/Bogota]","screenshots":[{"screenshot":"2091408abf270a4e68c0040ef5cd17a92a2f24acea4c6de9d9e4c43cd84732af.png","timeStamp":1638431173204}],"result":"SUCCESS","precondition":false,"level":2,"lineNumber":0}]},{"number":4,"description":"Utest register","duration":19513,"startTime":"2021-12-02T02:46:13.246-05:00[America/Bogota]","exception":{"errorType":"net.thucydides.core.webdriver.exceptions.ElementShouldBeEnabledException","message":"Expected enabled element was not enabled","stackTrace":[{"declaringClass":"co.com.choucair.certification.RegisterUtest.tasks.Register","methodName":"performAs","fileName":"Register.java","lineNumber":17},{"declaringClass":"co.com.choucair.certification.RegisterUtest.stepdefinitions.ChoucairRegisterUtestStepDefinitions","methodName":"theUtestComWebsiteWeLookForTheJoinTodayRegistration","fileName":"ChoucairRegisterUtestStepDefinitions.java","lineNumber":21},{"declaringClass":"cucumber.runner.Runner","methodName":"runPickle","fileName":"Runner.java","lineNumber":80}],"rootCause":{"errorType":"org.openqa.selenium.TimeoutException","message":"Expected condition failed: waiting for By.xpath: //div[@class\u003d\u0027form-group col-xs-12 text-right\u0027]//a[contains(text(),\u0027Next: Location\u0027)] to be enabled (tried for 5 second(s) with 100 milliseconds interval)","stackTrace":[{"declaringClass":"co.com.choucair.certification.RegisterUtest.tasks.Register","methodName":"performAs","fileName":"Register.java","lineNumber":17},{"declaringClass":"co.com.choucair.certification.RegisterUtest.stepdefinitions.ChoucairRegisterUtestStepDefinitions","methodName":"theUtestComWebsiteWeLookForTheJoinTodayRegistration","fileName":"ChoucairRegisterUtestStepDefinitions.java","lineNumber":21},{"declaringClass":"cucumber.runner.Runner","methodName":"runPickle","fileName":"Runner.java","lineNumber":80}],"rootCause":{"errorType":"org.openqa.selenium.NoSuchElementException","message":"no such element: Unable to locate element: {\"method\":\"xpath\",\"selector\":\"//div[@class\u003d\u0027form-group col-xs-12 text-right\u0027]//a[contains(text(),\u0027Next: Location\u0027)]\"}\n  (Session info: chrome\u003d96.0.4664.45)\nFor documentation on this error, please visit: https://www.seleniumhq.org/exceptions/no_such_element.html\nBuild info: version: \u00273.141.59\u0027, revision: \u0027e82be7d358\u0027, time: \u00272018-11-14T08:17:03\u0027\nSystem info: host: \u0027DESKTOP-VMTNSME\u0027, ip: \u0027192.168.56.1\u0027, os.name: \u0027Windows 10\u0027, os.arch: \u0027amd64\u0027, os.version: \u002710.0\u0027, java.version: \u00271.8.0_111\u0027\nDriver info: org.openqa.selenium.chrome.ChromeDriver\nCapabilities {acceptInsecureCerts: false, browserName: chrome, browserVersion: 96.0.4664.45, chrome: {chromedriverVersion: 96.0.4664.45 (76e4c1bb2ab46..., userDataDir: C:\\Users\\CMMART~1\\AppData\\L...}, goog:chromeOptions: {debuggerAddress: localhost:53033}, javascriptEnabled: true, networkConnectionEnabled: false, pageLoadStrategy: normal, platform: WINDOWS, platformName: WINDOWS, proxy: Proxy(), setWindowRect: true, strictFileInteractability: false, timeouts: {implicit: 0, pageLoad: 300000, script: 30000}, unhandledPromptBehavior: dismiss and notify, webauthn:extension:credBlob: true, webauthn:extension:largeBlob: true, webauthn:virtualAuthenticators: true}\nSession ID: bdc93768f53999a6af46584a43786368\n*** Element info: {Using\u003dxpath, value\u003d//div[@class\u003d\u0027form-group col-xs-12 text-right\u0027]//a[contains(text(),\u0027Next: Location\u0027)]}","stackTrace":[{"declaringClass":"co.com.choucair.certification.RegisterUtest.tasks.Register","methodName":"performAs","fileName":"Register.java","lineNumber":17},{"declaringClass":"co.com.choucair.certification.RegisterUtest.stepdefinitions.ChoucairRegisterUtestStepDefinitions","methodName":"theUtestComWebsiteWeLookForTheJoinTodayRegistration","fileName":"ChoucairRegisterUtestStepDefinitions.java","lineNumber":21},{"declaringClass":"cucumber.runner.Runner","methodName":"runPickle","fileName":"Runner.java","lineNumber":80}]}}},"result":"FAILURE","precondition":false,"level":1,"lineNumber":0,"children":[{"number":5,"description":"Utest clicks on Button that us the form to register","duration":1325,"startTime":"2021-12-02T02:46:13.725-05:00[America/Bogota]","screenshots":[{"screenshot":"c2e3083a974b7e1828835a22b43616741d3154160f9cde535bfeab7e3ce77b95.png","timeStamp":1638431175050}],"result":"SUCCESS","precondition":false,"level":2,"lineNumber":0},{"number":6,"description":"Utest enters \u0027carlos\u0027 into Where do we write the first name","duration":875,"startTime":"2021-12-02T02:46:15.053-05:00[America/Bogota]","screenshots":[{"screenshot":"d4f23bbbf9ea3086db9f7a981fbc9bb8484e560e2b10d6deb81017a20d59df42.png","timeStamp":1638431175928}],"result":"SUCCESS","precondition":false,"level":2,"lineNumber":0},{"number":7,"description":"Utest enters \u0027martinez\u0027 into Where do we write the last name","duration":848,"startTime":"2021-12-02T02:46:15.931-05:00[America/Bogota]","screenshots":[{"screenshot":"9109f7122f39bfb179c06d9caad3ebd577904e236f2d895b5910fcd61fd3a21d.png","timeStamp":1638431176779}],"result":"SUCCESS","precondition":false,"level":2,"lineNumber":0},{"number":8,"description":"Utest enters \u0027cmmarting@gmail.com\u0027 into Where do we write the email","duration":788,"startTime":"2021-12-02T02:46:16.782-05:00[America/Bogota]","screenshots":[{"screenshot":"d123cae525a3fe50235a2d605ef738d28632d001c79f2436a1d01bbbee8ec97a.png","timeStamp":1638431177570}],"result":"SUCCESS","precondition":false,"level":2,"lineNumber":0},{"number":9,"description":"Utest clicks on Where do we select the montn","duration":1535,"startTime":"2021-12-02T02:46:17.575-05:00[America/Bogota]","screenshots":[{"screenshot":"5a3965c43dbf39577ff4ff9a3dfcf3795535ea62f6109634253c47ee13ac30e3.png","timeStamp":1638431179110}],"result":"SUCCESS","precondition":false,"level":2,"lineNumber":0},{"number":10,"description":"Utest clicks on Where do we select the day","duration":1044,"startTime":"2021-12-02T02:46:19.113-05:00[America/Bogota]","screenshots":[{"screenshot":"d1362b1881bfc48ad9a9907cba9df6478e45d44f8c03bc18730c2176fd0c1896.png","timeStamp":1638431180157}],"result":"SUCCESS","precondition":false,"level":2,"lineNumber":0},{"number":11,"description":"Utest clicks on Where do we select the year","duration":891,"startTime":"2021-12-02T02:46:20.159-05:00[America/Bogota]","screenshots":[{"screenshot":"83f320fd601099576ffaae95a4cde641eb147acb8a25e3ee8597a9bf3d97a015.png","timeStamp":1638431181050}],"result":"SUCCESS","precondition":false,"level":2,"lineNumber":0},{"number":12,"description":"Utest clicks on Select the language","duration":827,"startTime":"2021-12-02T02:46:21.052-05:00[America/Bogota]","screenshots":[{"screenshot":"68f2a5dd8adeb581dc7e70de81a6cd5bdd7faae008f8777300cfb85b7673d79d.png","timeStamp":1638431181879}],"result":"SUCCESS","precondition":false,"level":2,"lineNumber":0},{"number":13,"description":"Utest clicks on Next previus page","duration":10863,"startTime":"2021-12-02T02:46:21.881-05:00[America/Bogota]","screenshots":[{"screenshot":"6b3d168a5fdca27a62de632d3cc40451e2e64b8d0a93caf65032b4e909c4bfc4.png","htmlSource":"pagesource8524588082827133488.html.txt","timeStamp":1638431192736}],"exception":{"errorType":"net.thucydides.core.webdriver.exceptions.ElementShouldBeEnabledException","message":"Expected enabled element was not enabled","stackTrace":[{"declaringClass":"co.com.choucair.certification.RegisterUtest.tasks.Register","methodName":"performAs","fileName":"Register.java","lineNumber":17},{"declaringClass":"co.com.choucair.certification.RegisterUtest.stepdefinitions.ChoucairRegisterUtestStepDefinitions","methodName":"theUtestComWebsiteWeLookForTheJoinTodayRegistration","fileName":"ChoucairRegisterUtestStepDefinitions.java","lineNumber":21},{"declaringClass":"cucumber.runner.Runner","methodName":"runPickle","fileName":"Runner.java","lineNumber":80}],"rootCause":{"errorType":"org.openqa.selenium.TimeoutException","message":"Expected condition failed: waiting for By.xpath: //div[@class\u003d\u0027form-group col-xs-12 text-right\u0027]//a[contains(text(),\u0027Next: Location\u0027)] to be enabled (tried for 5 second(s) with 100 milliseconds interval)","stackTrace":[{"declaringClass":"co.com.choucair.certification.RegisterUtest.tasks.Register","methodName":"performAs","fileName":"Register.java","lineNumber":17},{"declaringClass":"co.com.choucair.certification.RegisterUtest.stepdefinitions.ChoucairRegisterUtestStepDefinitions","methodName":"theUtestComWebsiteWeLookForTheJoinTodayRegistration","fileName":"ChoucairRegisterUtestStepDefinitions.java","lineNumber":21},{"declaringClass":"cucumber.runner.Runner","methodName":"runPickle","fileName":"Runner.java","lineNumber":80}],"rootCause":{"errorType":"org.openqa.selenium.NoSuchElementException","message":"no such element: Unable to locate element: {\"method\":\"xpath\",\"selector\":\"//div[@class\u003d\u0027form-group col-xs-12 text-right\u0027]//a[contains(text(),\u0027Next: Location\u0027)]\"}\n  (Session info: chrome\u003d96.0.4664.45)\nFor documentation on this error, please visit: https://www.seleniumhq.org/exceptions/no_such_element.html\nBuild info: version: \u00273.141.59\u0027, revision: \u0027e82be7d358\u0027, time: \u00272018-11-14T08:17:03\u0027\nSystem info: host: \u0027DESKTOP-VMTNSME\u0027, ip: \u0027192.168.56.1\u0027, os.name: \u0027Windows 10\u0027, os.arch: \u0027amd64\u0027, os.version: \u002710.0\u0027, java.version: \u00271.8.0_111\u0027\nDriver info: org.openqa.selenium.chrome.ChromeDriver\nCapabilities {acceptInsecureCerts: false, browserName: chrome, browserVersion: 96.0.4664.45, chrome: {chromedriverVersion: 96.0.4664.45 (76e4c1bb2ab46..., userDataDir: C:\\Users\\CMMART~1\\AppData\\L...}, goog:chromeOptions: {debuggerAddress: localhost:53033}, javascriptEnabled: true, networkConnectionEnabled: false, pageLoadStrategy: normal, platform: WINDOWS, platformName: WINDOWS, proxy: Proxy(), setWindowRect: true, strictFileInteractability: false, timeouts: {implicit: 0, pageLoad: 300000, script: 30000}, unhandledPromptBehavior: dismiss and notify, webauthn:extension:credBlob: true, webauthn:extension:largeBlob: true, webauthn:virtualAuthenticators: true}\nSession ID: bdc93768f53999a6af46584a43786368\n*** Element info: {Using\u003dxpath, value\u003d//div[@class\u003d\u0027form-group col-xs-12 text-right\u0027]//a[contains(text(),\u0027Next: Location\u0027)]}","stackTrace":[{"declaringClass":"co.com.choucair.certification.RegisterUtest.tasks.Register","methodName":"performAs","fileName":"Register.java","lineNumber":17},{"declaringClass":"co.com.choucair.certification.RegisterUtest.stepdefinitions.ChoucairRegisterUtestStepDefinitions","methodName":"theUtestComWebsiteWeLookForTheJoinTodayRegistration","fileName":"ChoucairRegisterUtestStepDefinitions.java","lineNumber":21},{"declaringClass":"cucumber.runner.Runner","methodName":"runPickle","fileName":"Runner.java","lineNumber":80}]}}},"result":"FAILURE","precondition":false,"level":2,"lineNumber":0}]}]},{"number":14,"description":"When you enter this section you fill in the required information and save","duration":5,"startTime":"2021-12-02T02:46:32.804-05:00[America/Bogota]","result":"SKIPPED","precondition":false,"level":0,"lineNumber":0},{"number":15,"description":"Then this stores the user to then be able to access and use the services of the platform","duration":3,"startTime":"2021-12-02T02:46:32.811-05:00[America/Bogota]","result":"SKIPPED","precondition":false,"level":0,"lineNumber":0}],"userStory":{"id":"utest-user-registration","storyName":"Utest User Registration","path":"src/test/resources/features/registerUtestChoucair.feature","narrative":"As a user, I want to register on the Utest platform","type":"feature"},"featureTag":{"name":"Features/Utest User Registration","type":"feature","displayName":"Features/Utest User Registration"},"title":"Register on Utest","tags":[{"name":"scenario","type":"tag","displayName":"scenario"},{"name":"Utest User Registration","type":"feature","displayName":"Utest User Registration"},{"name":"stories","type":"tag","displayName":"stories"}],"startTime":"2021-12-02T02:46:03.234-05:00[America/Bogota]","duration":29583,"testFailureCause":{"errorType":"net.thucydides.core.webdriver.exceptions.ElementShouldBeEnabledException","message":"Expected enabled element was not enabled","stackTrace":[{"declaringClass":"co.com.choucair.certification.RegisterUtest.tasks.Register","methodName":"performAs","fileName":"Register.java","lineNumber":17},{"declaringClass":"co.com.choucair.certification.RegisterUtest.stepdefinitions.ChoucairRegisterUtestStepDefinitions","methodName":"theUtestComWebsiteWeLookForTheJoinTodayRegistration","fileName":"ChoucairRegisterUtestStepDefinitions.java","lineNumber":21},{"declaringClass":"cucumber.runner.Runner","methodName":"runPickle","fileName":"Runner.java","lineNumber":80}],"rootCause":{"errorType":"org.openqa.selenium.TimeoutException","message":"Expected condition failed: waiting for By.xpath: //div[@class\u003d\u0027form-group col-xs-12 text-right\u0027]//a[contains(text(),\u0027Next: Location\u0027)] to be enabled (tried for 5 second(s) with 100 milliseconds interval)","stackTrace":[{"declaringClass":"co.com.choucair.certification.RegisterUtest.tasks.Register","methodName":"performAs","fileName":"Register.java","lineNumber":17},{"declaringClass":"co.com.choucair.certification.RegisterUtest.stepdefinitions.ChoucairRegisterUtestStepDefinitions","methodName":"theUtestComWebsiteWeLookForTheJoinTodayRegistration","fileName":"ChoucairRegisterUtestStepDefinitions.java","lineNumber":21},{"declaringClass":"cucumber.runner.Runner","methodName":"runPickle","fileName":"Runner.java","lineNumber":80}],"rootCause":{"errorType":"org.openqa.selenium.NoSuchElementException","message":"no such element: Unable to locate element: {\"method\":\"xpath\",\"selector\":\"//div[@class\u003d\u0027form-group col-xs-12 text-right\u0027]//a[contains(text(),\u0027Next: Location\u0027)]\"}\n  (Session info: chrome\u003d96.0.4664.45)\nFor documentation on this error, please visit: https://www.seleniumhq.org/exceptions/no_such_element.html\nBuild info: version: \u00273.141.59\u0027, revision: \u0027e82be7d358\u0027, time: \u00272018-11-14T08:17:03\u0027\nSystem info: host: \u0027DESKTOP-VMTNSME\u0027, ip: \u0027192.168.56.1\u0027, os.name: \u0027Windows 10\u0027, os.arch: \u0027amd64\u0027, os.version: \u002710.0\u0027, java.version: \u00271.8.0_111\u0027\nDriver info: org.openqa.selenium.chrome.ChromeDriver\nCapabilities {acceptInsecureCerts: false, browserName: chrome, browserVersion: 96.0.4664.45, chrome: {chromedriverVersion: 96.0.4664.45 (76e4c1bb2ab46..., userDataDir: C:\\Users\\CMMART~1\\AppData\\L...}, goog:chromeOptions: {debuggerAddress: localhost:53033}, javascriptEnabled: true, networkConnectionEnabled: false, pageLoadStrategy: normal, platform: WINDOWS, platformName: WINDOWS, proxy: Proxy(), setWindowRect: true, strictFileInteractability: false, timeouts: {implicit: 0, pageLoad: 300000, script: 30000}, unhandledPromptBehavior: dismiss and notify, webauthn:extension:credBlob: true, webauthn:extension:largeBlob: true, webauthn:virtualAuthenticators: true}\nSession ID: bdc93768f53999a6af46584a43786368\n*** Element info: {Using\u003dxpath, value\u003d//div[@class\u003d\u0027form-group col-xs-12 text-right\u0027]//a[contains(text(),\u0027Next: Location\u0027)]}","stackTrace":[{"declaringClass":"co.com.choucair.certification.RegisterUtest.tasks.Register","methodName":"performAs","fileName":"Register.java","lineNumber":17},{"declaringClass":"co.com.choucair.certification.RegisterUtest.stepdefinitions.ChoucairRegisterUtestStepDefinitions","methodName":"theUtestComWebsiteWeLookForTheJoinTodayRegistration","fileName":"ChoucairRegisterUtestStepDefinitions.java","lineNumber":21},{"declaringClass":"cucumber.runner.Runner","methodName":"runPickle","fileName":"Runner.java","lineNumber":80}]}}},"testFailureClassname":"net.thucydides.core.webdriver.exceptions.ElementShouldBeEnabledException","testFailureMessage":"Expected enabled element was not enabled","testFailureSummary":"FAILURE;net.thucydides.core.webdriver.exceptions.ElementShouldBeEnabledException;Expected enabled element was not enabled;Register.java","projectKey":"","annotatedResult":"FAILURE","sessionId":"bdc93768f53999a6af46584a43786368","driver":"chrome:utest","isManualTestingUpToDate":false,"manual":false,"testSource":"Cucumber","actors":[{"name":"Utest","can":["browse the web"]}],"result":"FAILURE"}